0 info it worked if it ends with ok
1 verbose cli [ '/usr/local/Cellar/node/0.10.22/bin/node',
1 verbose cli   '/usr/local/bin/npm',
1 verbose cli   'run',
1 verbose cli   'server' ]
2 info using npm@1.3.14
3 info using node@v0.10.22
4 verbose run-script [ 'preserver', 'server', 'postserver' ]
5 info preserver sitters@0.0.1
6 info server sitters@0.0.1
7 verbose unsafe-perm in lifecycle true
8 info sitters@0.0.1 Failed to exec server script
9 error sitters@0.0.1 server: `coffee server.coffee`
9 error Exit status 1
10 error Failed at the sitters@0.0.1 server script.
10 error This is most likely a problem with the sitters package,
10 error not with npm itself.
10 error Tell the author that this fails on your system:
10 error     coffee server.coffee
10 error You can get their info via:
10 error     npm owner ls sitters
10 error There is likely additional logging output above.
11 error System Darwin 13.0.2
12 error command "/usr/local/Cellar/node/0.10.22/bin/node" "/usr/local/bin/npm" "run" "server"
13 error cwd /Users/osteele/code/sitters.server
14 error node -v v0.10.22
15 error npm -v 1.3.14
16 error code ELIFECYCLE
17 verbose exit [ 1, true ]
